<?xml version="1.0" encoding="UTF-8"?>
<!-- Generated by org.testng.reporters.JUnitReportReporter -->
<testsuite hostname="expertzlab21" name="Expertzlab.TestNGSamples.ParameterWithDataProviderClassEx2" tests="3" failures="0" timestamp="28 Sep 2018 12:08:10 GMT" time="3.316" errors="0">
  <testcase name="testMethod" time="1.094" classname="Expertzlab.TestNGSamples.ParameterWithDataProviderClassEx2"/>
  <testcase name="testMethod" time="1.096" classname="Expertzlab.TestNGSamples.ParameterWithDataProviderClassEx2"/>
  <testcase name="testMethod" time="1.126" classname="Expertzlab.TestNGSamples.ParameterWithDataProviderClassEx2"/>
</testsuite> <!-- Expertzlab.TestNGSamples.ParameterWithDataProviderClassEx2 -->
