<?xml version="1.0" encoding="UTF-8"?>
<!-- Generated by org.testng.reporters.JUnitReportReporter -->
<testsuite hostname="expertzlab21-System-Product-Name-Invalid-entry-length-16" name="Expertzlab.TestNGSamples.TestNGEx3" tests="3" failures="0" timestamp="21 Sep 2018 12:14:56 GMT" time="0.025" errors="0">
  <testcase name="secondTest" time="0.017" classname="Expertzlab.TestNGSamples.TestNGEx3"/>
  <testcase name="firstTest" time="0.004" classname="Expertzlab.TestNGSamples.TestNGEx3"/>
  <testcase name="thirdTest" time="0.004" classname="Expertzlab.TestNGSamples.TestNGEx3"/>
</testsuite> <!-- Expertzlab.TestNGSamples.TestNGEx3 -->
