<?xml version="1.0" encoding="UTF-8"?>
<!-- Generated by org.testng.reporters.JUnitReportReporter -->
<testsuite hostname="expertzlab21-System-Product-Name-Invalid-entry-length-16" name="Expertzlab.TestNGSamples.TestNGEx1" tests="1" failures="0" timestamp="21 Sep 2018 11:18:47 GMT" time="0.011" errors="0">
  <testcase name="firstTest" time="0.011" classname="Expertzlab.TestNGSamples.TestNGEx1"/>
</testsuite> <!-- Expertzlab.TestNGSamples.TestNGEx1 -->
