<?xml version="1.0" encoding="UTF-8"?>
<!-- Generated by org.testng.reporters.JUnitReportReporter -->
<testsuite hostname="expertzlab21-System-Product-Name-Invalid-entry-length-16" name="Expertzlab.TestNGSamples.TestNGFBEx1" tests="2" failures="0" timestamp="21 Sep 2018 12:56:23 GMT" time="4.332" errors="0">
  <testcase name="launchGoogle" time="2.019" classname="Expertzlab.TestNGSamples.TestNGFBEx1"/>
  <testcase name="openBrowser" time="2.313" classname="Expertzlab.TestNGSamples.TestNGFBEx1"/>
</testsuite> <!-- Expertzlab.TestNGSamples.TestNGFBEx1 -->
