<?xml version="1.0" encoding="UTF-8"?>
<!-- Generated by org.testng.reporters.JUnitReportReporter -->
<testsuite hostname="expertzlab21-System-Product-Name-Invalid-entry-length-16" name="Expertzlab.TestNGSamples.TestNGEx2" tests="1" failures="0" timestamp="21 Sep 2018 11:36:34 GMT" time="4.189" errors="0">
  <testcase name="verifyHomepageTitle" time="4.189" classname="Expertzlab.TestNGSamples.TestNGEx2"/>
</testsuite> <!-- Expertzlab.TestNGSamples.TestNGEx2 -->
