<?xml version="1.0" encoding="UTF-8"?>
<!-- Generated by org.testng.reporters.JUnitReportReporter -->
<testsuite hostname="expertzlab21" name="Expertzlab.TestNGSamples.ParameterWithDataProviderEx1" tests="3" failures="0" timestamp="28 Sep 2018 11:49:25 GMT" time="3.331" errors="0">
  <testcase name="testMethod" time="1.089" classname="Expertzlab.TestNGSamples.ParameterWithDataProviderEx1"/>
  <testcase name="testMethod" time="1.170" classname="Expertzlab.TestNGSamples.ParameterWithDataProviderEx1"/>
  <testcase name="testMethod" time="1.072" classname="Expertzlab.TestNGSamples.ParameterWithDataProviderEx1"/>
</testsuite> <!-- Expertzlab.TestNGSamples.ParameterWithDataProviderEx1 -->
